1511974087621	geckodriver	INFO	geckodriver 0.19.1
1511974087628	geckodriver	INFO	Listening on 127.0.0.1:61362
1511974089863	mozrunner::runner	INFO	Running command: "C:\\Program Files\\Mozilla Firefox\\firefox.exe" "-marionette" "-profile" "C:\\Users\\Asus\\AppData\\Local\\Temp\\rust_mozprofile.V7rHtfkxI2T3"
1511974090429	addons.xpi	WARN	Error parsing extensions state: [Exception... "Component returned failure code: 0x80520012 (NS_ERROR_FILE_NOT_FOUND) [amIAddonManagerStartup.readStartupData]"  nsresult: "0x80520012 (NS_ERROR_FILE_NOT_FOUND)"  location: "JS frame :: resource://gre/modules/addons/XPIProvider.jsm :: loadExtensionState :: line 1554"  data: no] Stack trace: loadExtensionState()@resource://gre/modules/addons/XPIProvider.jsm:1554 < getInstallState()@resource://gre/modules/addons/XPIProvider.jsm:1589 < checkForChanges()@resource://gre/modules/addons/XPIProvider.jsm:3109 < startup()@resource://gre/modules/addons/XPIProvider.jsm:2188 < callProvider()@resource://gre/modules/AddonManager.jsm:269 < _startProvider()@resource://gre/modules/AddonManager.jsm:739 < startup()@resource://gre/modules/AddonManager.jsm:906 < startup()@resource://gre/modules/AddonManager.jsm:3090 < observe()@jar:file:///C:/Program%20Files/Mozilla%20Firefox/omni.ja!/components/addonManager.js:65
1511974091302	Marionette	INFO	Enabled via --marionette
Unable to read VR Path Registry from C:\Users\Asus\AppData\Local\openvr\openvrpaths.vrpath
[Child 15460] WARNING: pipe error: 109: file z:/build/build/src/ipc/chromium/src/chrome/common/ipc_channel_win.cc, line 346
[Child 15460] WARNING: pipe error: 109: file z:/build/build/src/ipc/chromium/src/chrome/common/ipc_channel_win.cc, line 346
1511974094861	Marionette	INFO	Listening on port 61368
1511974095081	Marionette	WARN	TLS certificate errors will be ignored for this session
1511974095117	Marionette	DEBUG	Register listener.js for window 4294967297
Unable to read VR Path Registry from C:\Users\Asus\AppData\Local\openvr\openvrpaths.vrpath
[Child 6616] WARNING: pipe error: 109: file z:/build/build/src/ipc/chromium/src/chrome/common/ipc_channel_win.cc, line 346
[Child 6616] WARNING: pipe error: 109: file z:/build/build/src/ipc/chromium/src/chrome/common/ipc_channel_win.cc, line 346
1511974112247	addons.productaddons	WARN	Failed downloading via XHR, status: 0, reason: error
Unable to read VR Path Registry from C:\Users\Asus\AppData\Local\openvr\openvrpaths.vrpath
[Child 16288] WARNING: pipe error: 109: file z:/build/build/src/ipc/chromium/src/chrome/common/ipc_channel_win.cc, line 346
[Child 16288] WARNING: pipe error: 109: file z:/build/build/src/ipc/chromium/src/chrome/common/ipc_channel_win.cc, line 346
*** UTM:SVC TimerManager:registerTimer called after profile-before-change notification. Ignoring timer registration for id: telemetry_modules_ping
Unable to read VR Path Registry from C:\Users\Asus\AppData\Local\openvr\openvrpaths.vrpath
[GPU 5364] WARNING: pipe error: 109: file z:/build/build/src/ipc/chromium/src/chrome/common/ipc_channel_win.cc, line 346

###!!! [Child][MessageChannel::SendAndWait] Error: Channel error: cannot send/recv

Unable to read VR Path Registry from C:\Users\Asus\AppData\Local\openvr\openvrpaths.vrpath
1511974226780	geckodriver	INFO	geckodriver 0.19.1
1511974226787	geckodriver	INFO	Listening on 127.0.0.1:61413
1511974228861	mozrunner::runner	INFO	Running command: "C:\\Program Files\\Mozilla Firefox\\firefox.exe" "-marionette" "-profile" "C:\\Users\\Asus\\AppData\\Local\\Temp\\rust_mozprofile.ryrmvxrnvMs7"
1511974230054	addons.xpi	WARN	Error parsing extensions state: [Exception... "Component returned failure code: 0x80520012 (NS_ERROR_FILE_NOT_FOUND) [amIAddonManagerStartup.readStartupData]"  nsresult: "0x80520012 (NS_ERROR_FILE_NOT_FOUND)"  location: "JS frame :: resource://gre/modules/addons/XPIProvider.jsm :: loadExtensionState :: line 1554"  data: no] Stack trace: loadExtensionState()@resource://gre/modules/addons/XPIProvider.jsm:1554 < getInstallState()@resource://gre/modules/addons/XPIProvider.jsm:1589 < checkForChanges()@resource://gre/modules/addons/XPIProvider.jsm:3109 < startup()@resource://gre/modules/addons/XPIProvider.jsm:2188 < callProvider()@resource://gre/modules/AddonManager.jsm:269 < _startProvider()@resource://gre/modules/AddonManager.jsm:739 < startup()@resource://gre/modules/AddonManager.jsm:906 < startup()@resource://gre/modules/AddonManager.jsm:3090 < observe()@jar:file:///C:/Program%20Files/Mozilla%20Firefox/omni.ja!/components/addonManager.js:65
1511974231176	Marionette	INFO	Enabled via --marionette
1511974235962	Marionette	INFO	Listening on port 61419
Unable to read VR Path Registry from C:\Users\Asus\AppData\Local\openvr\openvrpaths.vrpath
[Child 15692] WARNING: pipe error: 109: file z:/build/build/src/ipc/chromium/src/chrome/common/ipc_channel_win.cc, line 346
[Child 15692] WARNING: pipe error: 109: file z:/build/build/src/ipc/chromium/src/chrome/common/ipc_channel_win.cc, line 346
1511974236851	Marionette	WARN	TLS certificate errors will be ignored for this session
1511974236908	Marionette	DEBUG	Register listener.js for window 4294967297
1511974237018	Marionette	DEBUG	Received DOM event "beforeunload" for "about:blank"
1511974239053	Marionette	DEBUG	Received DOM event "beforeunload" for "about:blank"
1511974239055	Marionette	DEBUG	Received DOM event "pagehide" for "about:blank"
1511974239055	Marionette	DEBUG	Received DOM event "unload" for "about:blank"
1511974239643	Marionette	DEBUG	Received DOM event "DOMContentLoaded" for "about:neterror?e=connectionFailure&u=http%3A//localhost%3A8000/&c=UTF-8&f=regular&d=Firefox%20can%E2%80%99t%20establish%20a%20connection%20to%20the%20server%20at%20localhost%3A8000."
Unable to read VR Path Registry from C:\Users\Asus\AppData\Local\openvr\openvrpaths.vrpath
[Parent 13244] WARNING: pipe error: 109: file z:/build/build/src/ipc/chromium/src/chrome/common/ipc_channel_win.cc, line 346
Unable to read VR Path Registry from C:\Users\Asus\AppData\Local\openvr\openvrpaths.vrpath
[Child 15708] WARNING: pipe error: 109: file z:/build/build/src/ipc/chromium/src/chrome/common/ipc_channel_win.cc, line 346
[Child 15708] WARNING: pipe error: 109: file z:/build/build/src/ipc/chromium/src/chrome/common/ipc_channel_win.cc, line 346
1511974288512	addons.productaddons	WARN	Failed downloading via XHR, status: 0, reason: error
Unable to read VR Path Registry from C:\Users\Asus\AppData\Local\openvr\openvrpaths.vrpath
[Child 11228] WARNING: pipe error: 109: file z:/build/build/src/ipc/chromium/src/chrome/common/ipc_channel_win.cc, line 346
*** UTM:SVC TimerManager:registerTimer called after profile-before-change notification. Ignoring timer registration for id: telemetry_modules_ping
Unable to read VR Path Registry from C:\Users\Asus\AppData\Local\openvr\openvrpaths.vrpath
[GPU 15244] WARNING: pipe error: 109: file z:/build/build/src/ipc/chromium/src/chrome/common/ipc_channel_win.cc, line 346

###!!! [Child][MessageChannel::SendAndWait] Error: Channel error: cannot send/recv

	Enabled via --marionette
1511974280592	Marionette	INFO	Listening on port 61471
1511974281439	Marionette	WARN	TLS certificate errors will be ignored for this session
1511974283322	Marionette	DEBUG	Register listener.js for window 4294967297
1511974283356	Marionette	DEBUG	Received DOM event "beforeunload" for "about:blank"
1511974285378	Marionette	DEBUG	Received DOM event "beforeunload" for "about:blank"
1511974285380	Marionette	DEBUG	Received DOM event "pagehide" for "about:blank"
1511974285381	Marionette	DEBUG	Received DOM event "unload" for "about:blank"
1511974285410	Marionette	DEBUG	Received DOM event "DOMContentLoaded" for "about:neterror?e=connectionFailure&u=http%3A//localhost%3A8000/&c=UTF-8&f=regular&d=Firefox%20can%E2%80%99t%20establish%20a%20connection%20to%20the%20server%20at%20localhost%3A8000."
1511974305524	addons.productaddons	WARN	Failed downloading via XHR, status: 0, reason: error
Unable to read VR Path Registry from C:\Users\Asus\AppData\Local\openvr\openvrpaths.vrpath
[Child 15172] WARNING: pipe error: 109: file z:/build/build/src/ipc/chromium/src/chrome/common/ipc_channel_win.cc, line 346
*** UTM:SVC TimerManager:registerTimer called after profile-before-change notification. Ignoring timer registration for id: telemetry_modules_ping
Unable to read VR Path Registry from C:\Users\Asus\AppData\Local\openvr\openvrpaths.vrpath
[GPU 13736] WARNING: pipe error: 109: file z:/build/build/src/ipc/chromium/src/chrome/common/ipc_channel_win.cc, line 346

###!!! [Child][MessageChannel::SendAndWait] Error: Channel error: cannot send/recv

Unable to read VR Path Registry from C:\Users\Asus\AppData\Local\openvr\openvrpaths.vrpath
1511974323649	geckodriver	INFO	geckodriver 0.19.1
1511974323657	geckodriver	INFO	Listening on 127.0.0.1:61540
1511974325479	mozrunner::runner	INFO	Running command: "C:\\Program Files\\Mozilla Firefox\\firefox.exe" "-marionette" "-profile" "C:\\Users\\Asus\\AppData\\Local\\Temp\\rust_mozprofile.KRzglVpMr8eP"
1511974327180	Marionette	INFO	Enabled via --marionette
Unable to read VR Path Registry from C:\Users\Asus\AppData\Local\openvr\openvrpaths.vrpath
[Parent 212, Gecko_IOThread] WARNING: pipe error: 109: file z:/build/build/src/ipc/chromium/src/chrome/common/ipc_channel_win.cc, line 346
1511974344318	Marionette	INFO	Listening on port 61553
1511974345570	Marionette	WARN	TLS certificate errors will be ignored for this session
1511974345879	Marionette	DEBUG	Register listener.js for window 4294967297
1511974346336	Marionette	DEBUG	Received DOM event "beforeunload" for "about:blank"
1511974347530	Marionette	DEBUG	Received DOM event "pagehide" for "about:blank"
1511974347530	Marionette	DEBUG	Received DOM event "unload" for "about:blank"
1511974348169	Marionette	DEBUG	Received DOM event "DOMContentLoaded" for "http://localhost:8000/"
1511974348888	Marionette	DEBUG	Received DOM event "pageshow" for "http://localhost:8000/"
*** UTM:SVC TimerManager:registerTimer called after profile-before-change notification. Ignoring timer registration for id: telemetry_modules_ping

###!!! [Child][MessageChannel::SendAndWait] Error: Channel error: cannot send/recv

